
> music-portal@1.0.0 fetch
> node scripts/fetch-playlists.js

═══════════════════════════════════════
  MUSIC PORTAL - Playlist Fetcher
═══════════════════════════════════════

[1/5] Initializing API clients...

✓ Apple Music cookies loaded successfully
✓ Spotify authenticated successfully
✓ YouTube client initialized

[2/5] Fetching playlists from Apple Music...

✓ Found 68 monthly playlists

[3/5] Fetching tracks from playlists...

  Processing: 2020.02
    - 74 tracks found
  Processing: 2020.03
    ⚠ Playlist not found or inaccessible (skipping)
  Processing: 2020.04
    - 12 tracks found
  Processing: 2020.06
    - 45 tracks found
  Processing: 2020.08
    - 9 tracks found
  Processing: 2020.09
    - 100 tracks found
  Processing: 2020.10
    - 76 tracks found
  Processing: 2020.11
    ⚠ Playlist not found or inaccessible (skipping)
  Processing: 2020.11
    ⚠ Playlist not found or inaccessible (skipping)
  Processing: 2020.12
    - 67 tracks found
  Processing: 2021.01
    - 15 tracks found
  Processing: 2021.02
    - 20 tracks found
  Processing: 2021.03
    - 100 tracks found
  Processing: 2021.04
    ⚠ Playlist not found or inaccessible (skipping)
  Processing: 2021.04
    - 92 tracks found
  Processing: 2021.05
    - 57 tracks found
  Processing: 2021.06
    - 12 tracks found
  Processing: 2021.07
    - 87 tracks found
  Processing: 2021.08
    - 23 tracks found
  Processing: 2021.09
    - 21 tracks found
  Processing: 2021.10
    - 9 tracks found
  Processing: 2021.11
    - 19 tracks found
  Processing: 2021.12
    - 16 tracks found
  Processing: 2022.01
    - 19 tracks found
  Processing: 2022.02
    - 25 tracks found
  Processing: 2022.03
    - 4 tracks found
  Processing: 2022.04
    - 29 tracks found
  Processing: 2022.05
    - 13 tracks found
  Processing: 2022.06
    - 11 tracks found
  Processing: 2022.07
    - 10 tracks found
  Processing: 2022.08
    - 6 tracks found
  Processing: 2022.09
    - 21 tracks found
  Processing: 2022.10
    - 17 tracks found
  Processing: 2022.11
    - 16 tracks found
  Processing: 2022.12
    - 5 tracks found
  Processing: 2023.01
    - 12 tracks found
  Processing: 2023.02
    - 32 tracks found
  Processing: 2023.03
    - 18 tracks found
  Processing: 2023.04
    - 9 tracks found
  Processing: 2023.05
    - 3 tracks found
  Processing: 2023.06
    - 21 tracks found
  Processing: 2023.07
    - 10 tracks found
  Processing: 2023.08
    - 10 tracks found
  Processing: 2023.09
    - 18 tracks found
  Processing: 2023.10
    - 1 tracks found
  Processing: 2023.11
    - 10 tracks found
  Processing: 2023.12
    - 5 tracks found
  Processing: 2024.01
    - 2 tracks found
  Processing: 2024.02
    - 7 tracks found
  Processing: 2024.04
    - 9 tracks found
  Processing: 2024.05
    - 1 tracks found
  Processing: 2024.06
    - 5 tracks found
  Processing: 2024.07
    - 5 tracks found
  Processing: 2024.08
    - 4 tracks found
  Processing: 2024.09
    - 18 tracks found
  Processing: 2024.10
    - 3 tracks found
  Processing: 2024.11
    - 5 tracks found
  Processing: 2024.12
    - 3 tracks found
  Processing: 2025.01
    - 1 tracks found
  Processing: 2025.02
    - 6 tracks found
  Processing: 2025.03
    - 6 tracks found
  Processing: 2025.04
    - 9 tracks found
  Processing: 2025.05
    - 9 tracks found
  Processing: 2025.08
    - 27 tracks found
  Processing: 2025.09
    - 14 tracks found
  Processing: 2025.10
    - 4 tracks found
  Processing: 2025.11
    - 14 tracks found
  Processing: 2025.12
    - 4 tracks found

✓ Fetched 64 playlists with tracks
  ⚠ Skipped 4 playlists due to errors

[4/5] Matching tracks with Spotify and YouTube...

  2020.02:
    ✓ Completed
  2020.04:
    ✓ Completed
  2020.06:
YouTube title/artist search error: Request failed with status code 403
YouTube title/artist search error: Request failed with status code 403
YouTube title/artist search error: Request failed with status code 403
YouTube title/artist search error: Request failed with status code 403
YouTube title/artist search error: Request failed with status code 403
YouTube title/artist search error: Request failed with status code 403
YouTube title/artist search error: Request failed with status code 403
YouTube title/artist search error: Request failed with status code 403
YouTube title/artist search error: Request failed with status code 403
YouTube title/artist search error: Request failed with status code 403
YouTube title/artist search error: Request failed with status code 403
YouTube title/artist search error: Request failed with status code 403
YouTube title/artist search error: Request failed with status code 403
YouTube title/artist search error: Request failed with status code 403
YouTube title/artist search error: Request failed with status code 403
YouTube title/artist search error: Request failed with status code 403
YouTube title/artist search error: Request failed with status code 403
YouTube title/artist search error: Request failed with status code 403
YouTube title/artist search error: Request failed with status code 403
YouTube title/artist search error: Request failed with status code 403
YouTube title/artist search error: Request failed with status code 403
YouTube title/artist search error: Request failed with status code 403
YouTube title/artist search error: Request failed with status code 403
YouTube title/artist search error: Request failed with status code 403
YouTube title/artist search error: Request failed with status code 403
YouTube title/artist search error: Request failed with status code 403
YouTube title/artist search error: Request failed with status code 403
YouTube title/artist search error: Request failed with status code 403
YouTube title/artist search error: Request failed with status code 403
    ✓ Completed
  2020.08:
YouTube title/artist search error: Request failed with status code 403
YouTube title/artist search error: Request failed with status code 403
YouTube title/artist search error: Request failed with status code 403
YouTube title/artist search error: Request failed with status code 403
YouTube title/artist search error: Request failed with status code 403
YouTube title/artist search error: Request failed with status code 403
YouTube title/artist search error: Request failed with status code 403
YouTube title/artist search error: Request failed with status code 403
YouTube title/artist search error: Request failed with status code 403
    ✓ Completed
  2020.09:
YouTube title/artist search error: Request failed with status code 403
YouTube title/artist search error: Request failed with status code 403
YouTube title/artist search error: Request failed with status code 403
YouTube title/artist search error: Request failed with status code 403
YouTube title/artist search error: Request failed with status code 403
YouTube title/artist search error: Request failed with status code 403
YouTube title/artist search error: Request failed with status code 403
YouTube title/artist search error: Request failed with status code 403
YouTube title/artist search error: Request failed with status code 403
YouTube title/artist search error: Request failed with status code 403
YouTube title/artist search error: Request failed with status code 403
YouTube title/artist search error: Request failed with status code 403
YouTube title/artist search error: Request failed with status code 403
YouTube title/artist search error: Request failed with status code 403
YouTube title/artist search error: Request failed with status code 403
YouTube title/artist search error: Request failed with status code 403
YouTube title/artist search error: Request failed with status code 403
YouTube title/artist search error: Request failed with status code 403
YouTube title/artist search error: Request failed with status code 403
YouTube title/artist search error: Request failed with status code 403
YouTube title/artist search error: Request failed with status code 403
YouTube title/artist search error: Request failed with status code 403
YouTube title/artist search error: Request failed with status code 403
YouTube title/artist search error: Request failed with status code 403
YouTube title/artist search error: Request failed with status code 403
YouTube title/artist search error: Request failed with status code 403
YouTube title/artist search error: Request failed with status code 403
YouTube title/artist search error: Request failed with status code 403
YouTube title/artist search error: Request failed with status code 403
YouTube title/artist search error: Request failed with status code 403
YouTube title/artist search error: Request failed with status code 403
YouTube title/artist search error: Request failed with status code 403
YouTube title/artist search error: Request failed with status code 403
YouTube title/artist search error: Request failed with status code 403
YouTube title/artist search error: Request failed with status code 403
YouTube title/artist search error: Request failed with status code 403
YouTube title/artist search error: Request failed with status code 403
YouTube title/artist search error: Request failed with status code 403
YouTube title/artist search error: Request failed with status code 403
YouTube title/artist search error: Request failed with status code 403
YouTube title/artist search error: Request failed with status code 403
YouTube title/artist search error: Request failed with status code 403
YouTube title/artist search error: Request failed with status code 403
YouTube title/artist search error: Request failed with status code 403
YouTube title/artist search error: Request failed with status code 403
YouTube title/artist search error: Request failed with status code 403
YouTube title/artist search error: Request failed with status code 403
YouTube title/artist search error: Request failed with status code 403
YouTube title/artist search error: Request failed with status code 403
YouTube title/artist search error: Request failed with status code 403
YouTube title/artist search error: Request failed with status code 403
YouTube title/artist search error: Request failed with status code 403
YouTube title/artist search error: Request failed with status code 403
YouTube title/artist search error: Request failed with status code 403
YouTube title/artist search error: Request failed with status code 403
YouTube title/artist search error: Request failed with status code 403
YouTube title/artist search error: Request failed with status code 403
YouTube title/artist search error: Request failed with status code 403
YouTube title/artist search error: Request failed with status code 403
YouTube title/artist search error: Request failed with status code 403
YouTube title/artist search error: Request failed with status code 403
YouTube title/artist search error: Request failed with status code 403
YouTube title/artist search error: Request failed with status code 403
YouTube title/artist search error: Request failed with status code 403
YouTube title/artist search error: Request failed with status code 403
YouTube title/artist search error: Request failed with status code 403
YouTube title/artist search error: Request failed with status code 403
YouTube title/artist search error: Request failed with status code 403
YouTube title/artist search error: Request failed with status code 403
YouTube title/artist search error: Request failed with status code 403
YouTube title/artist search error: Request failed with status code 403
YouTube title/artist search error: Request failed with status code 403
YouTube title/artist search error: Request failed with status code 403
YouTube title/artist search error: Request failed with status code 403
YouTube title/artist search error: Request failed with status code 403
YouTube title/artist search error: Request failed with status code 403
YouTube title/artist search error: Request failed with status code 403
YouTube title/artist search error: Request failed with status code 403
YouTube title/artist search error: Request failed with status code 403
YouTube title/artist search error: Request failed with status code 403
YouTube title/artist search error: Request failed with status code 403
YouTube title/artist search error: Request failed with status code 403
YouTube title/artist search error: Request failed with status code 403
YouTube title/artist search error: Request failed with status code 403
YouTube title/artist search error: Request failed with status code 403
YouTube title/artist search error: Request failed with status code 403
YouTube title/artist search error: Request failed with status code 403
YouTube title/artist search error: Request failed with status code 403
YouTube title/artist search error: Request failed with status code 403
YouTube title/artist search error: Request failed with status code 403
YouTube title/artist search error: Request failed with status code 403
YouTube title/artist search error: Request failed with status code 403
YouTube title/artist search error: Request failed with status code 403
YouTube title/artist search error: Request failed with status code 403
YouTube title/artist search error: Request failed with status code 403
YouTube title/artist search error: Request failed with status code 403
YouTube title/artist search error: Request failed with status code 403
YouTube title/artist search error: Request failed with status code 403
YouTube title/artist search error: Request failed with status code 403
YouTube title/artist search error: Request failed with status code 403
    ✓ Completed
  2020.10:
YouTube title/artist search error: Request failed with status code 403
YouTube title/artist search error: Request failed with status code 403
YouTube title/artist search error: Request failed with status code 403
YouTube title/artist search error: Request failed with status code 403
YouTube title/artist search error: Request failed with status code 403
YouTube title/artist search error: Request failed with status code 403
YouTube title/artist search error: Request failed with status code 403
YouTube title/artist search error: Request failed with status code 403
YouTube title/artist search error: Request failed with status code 403
YouTube title/artist search error: Request failed with status code 403
YouTube title/artist search error: Request failed with status code 403
YouTube title/artist search error: Request failed with status code 403
YouTube title/artist search error: Request failed with status code 403
YouTube title/artist search error: Request failed with status code 403
YouTube title/artist search error: Request failed with status code 403
YouTube title/artist search error: Request failed with status code 403
YouTube title/artist search error: Request failed with status code 403
YouTube title/artist search error: Request failed with status code 403
YouTube title/artist search error: Request failed with status code 403
YouTube title/artist search error: Request failed with status code 403
YouTube title/artist search error: Request failed with status code 403
YouTube title/artist search error: Request failed with status code 403
YouTube title/artist search error: Request failed with status code 403
YouTube title/artist search error: Request failed with status code 403
YouTube title/artist search error: Request failed with status code 403
YouTube title/artist search error: Request failed with status code 403
YouTube title/artist search error: Request failed with status code 403
YouTube title/artist search error: Request failed with status code 403
YouTube title/artist search error: Request failed with status code 403
YouTube title/artist search error: Request failed with status code 403
YouTube title/artist search error: Request failed with status code 403
YouTube title/artist search error: Request failed with status code 403
YouTube title/artist search error: Request failed with status code 403
YouTube title/artist search error: Request failed with status code 403
YouTube title/artist search error: Request failed with status code 403
YouTube title/artist search error: Request failed with status code 403
YouTube title/artist search error: Request failed with status code 403
YouTube title/artist search error: Request failed with status code 403
YouTube title/artist search error: Request failed with status code 403
YouTube title/artist search error: Request failed with status code 403
YouTube title/artist search error: Request failed with status code 403
YouTube title/artist search error: Request failed with status code 403
YouTube title/artist search error: Request failed with status code 403
YouTube title/artist search error: Request failed with status code 403
YouTube title/artist search error: Request failed with status code 403
YouTube title/artist search error: Request failed with status code 403
YouTube title/artist search error: Request failed with status code 403
YouTube title/artist search error: Request failed with status code 403
YouTube title/artist search error: Request failed with status code 403
YouTube title/artist search error: Request failed with status code 403
YouTube title/artist search error: Request failed with status code 403
YouTube title/artist search error: Request failed with status code 403
YouTube title/artist search error: Request failed with status code 403
YouTube title/artist search error: Request failed with status code 403
YouTube title/artist search error: Request failed with status code 403
YouTube title/artist search error: Request failed with status code 403
YouTube title/artist search error: Request failed with status code 403
YouTube title/artist search error: Request failed with status code 403
YouTube title/artist search error: Request failed with status code 403
YouTube title/artist search error: Request failed with status code 403
YouTube title/artist search error: Request failed with status code 403
YouTube title/artist search error: Request failed with status code 403
YouTube title/artist search error: Request failed with status code 403
YouTube title/artist search error: Request failed with status code 403
YouTube title/artist search error: Request failed with status code 403
YouTube title/artist search error: Request failed with status code 403
YouTube title/artist search error: Request failed with status code 403
YouTube title/artist search error: Request failed with status code 403
YouTube title/artist search error: Request failed with status code 403
YouTube title/artist search error: Request failed with status code 403
YouTube title/artist search error: Request failed with status code 403
YouTube title/artist search error: Request failed with status code 403
YouTube title/artist search error: Request failed with status code 403
YouTube title/artist search error: Request failed with status code 403
YouTube title/artist search error: Request failed with status code 403
YouTube title/artist search error: Request failed with status code 403
    ✓ Completed
  2020.12:
YouTube title/artist search error: Request failed with status code 403
YouTube title/artist search error: Request failed with status code 403
YouTube title/artist search error: Request failed with status code 403
YouTube title/artist search error: Request failed with status code 403
YouTube title/artist search error: Request failed with status code 403
YouTube title/artist search error: Request failed with status code 403
YouTube title/artist search error: Request failed with status code 403
YouTube title/artist search error: Request failed with status code 403
YouTube title/artist search error: Request failed with status code 403
YouTube title/artist search error: Request failed with status code 403
YouTube title/artist search error: Request failed with status code 403
YouTube title/artist search error: Request failed with status code 403
YouTube title/artist search error: Request failed with status code 403
YouTube title/artist search error: Request failed with status code 403
YouTube title/artist search error: Request failed with status code 403
YouTube title/artist search error: Request failed with status code 403
YouTube title/artist search error: Request failed with status code 403
YouTube title/artist search error: Request failed with status code 403
YouTube title/artist search error: Request failed with status code 403
YouTube title/artist search error: Request failed with status code 403
YouTube title/artist search error: Request failed with status code 403
YouTube title/artist search error: Request failed with status code 403
YouTube title/artist search error: Request failed with status code 403
YouTube title/artist search error: Request failed with status code 403
YouTube title/artist search error: Request failed with status code 403
YouTube title/artist search error: Request failed with status code 403
YouTube title/artist search error: Request failed with status code 403
YouTube title/artist search error: Request failed with status code 403
YouTube title/artist search error: Request failed with status code 403
YouTube title/artist search error: Request failed with status code 403
YouTube title/artist search error: Request failed with status code 403
YouTube title/artist search error: Request failed with status code 403
YouTube title/artist search error: Request failed with status code 403
YouTube title/artist search error: Request failed with status code 403
YouTube title/artist search error: Request failed with status code 403
YouTube title/artist search error: Request failed with status code 403
YouTube title/artist search error: Request failed with status code 403
YouTube title/artist search error: Request failed with status code 403
YouTube title/artist search error: Request failed with status code 403
YouTube title/artist search error: Request failed with status code 403
YouTube title/artist search error: Request failed with status code 403
YouTube title/artist search error: Request failed with status code 403
YouTube title/artist search error: Request failed with status code 403
YouTube title/artist search error: Request failed with status code 403
YouTube title/artist search error: Request failed with status code 403
YouTube title/artist search error: Request failed with status code 403
YouTube title/artist search error: Request failed with status code 403
YouTube title/artist search error: Request failed with status code 403
YouTube title/artist search error: Request failed with status code 403
YouTube title/artist search error: Request failed with status code 403
YouTube title/artist search error: Request failed with status code 403
YouTube title/artist search error: Request failed with status code 403
YouTube title/artist search error: Request failed with status code 403
YouTube title/artist search error: Request failed with status code 403
YouTube title/artist search error: Request failed with status code 403
YouTube title/artist search error: Request failed with status code 403
YouTube title/artist search error: Request failed with status code 403
YouTube title/artist search error: Request failed with status code 403
YouTube title/artist search error: Request failed with status code 403
YouTube title/artist search error: Request failed with status code 403
YouTube title/artist search error: Request failed with status code 403
YouTube title/artist search error: Request failed with status code 403
YouTube title/artist search error: Request failed with status code 403
YouTube title/artist search error: Request failed with status code 403
YouTube title/artist search error: Request failed with status code 403
YouTube title/artist search error: Request failed with status code 403
YouTube title/artist search error: Request failed with status code 403
    ✓ Completed
  2021.01:
YouTube title/artist search error: Request failed with status code 403
YouTube title/artist search error: Request failed with status code 403
YouTube title/artist search error: Request failed with status code 403
YouTube title/artist search error: Request failed with status code 403
YouTube title/artist search error: Request failed with status code 403
YouTube title/artist search error: Request failed with status code 403
YouTube title/artist search error: Request failed with status code 403
YouTube title/artist search error: Request failed with status code 403
YouTube title/artist search error: Request failed with status code 403
YouTube title/artist search error: Request failed with status code 403
YouTube title/artist search error: Request failed with status code 403
YouTube title/artist search error: Request failed with status code 403
YouTube title/artist search error: Request failed with status code 403
YouTube title/artist search error: Request failed with status code 403
YouTube title/artist search error: Request failed with status code 403
    ✓ Completed
  2021.02:
YouTube title/artist search error: Request failed with status code 403
YouTube title/artist search error: Request failed with status code 403
YouTube title/artist search error: Request failed with status code 403
YouTube title/artist search error: Request failed with status code 403
YouTube title/artist search error: Request failed with status code 403
YouTube title/artist search error: Request failed with status code 403
YouTube title/artist search error: Request failed with status code 403
YouTube title/artist search error: Request failed with status code 403
YouTube title/artist search error: Request failed with status code 403
YouTube title/artist search error: Request failed with status code 403
YouTube title/artist search error: Request failed with status code 403
YouTube title/artist search error: Request failed with status code 403
YouTube title/artist search error: Request failed with status code 403
YouTube title/artist search error: Request failed with status code 403
YouTube title/artist search error: Request failed with status code 403
YouTube title/artist search error: Request failed with status code 403
YouTube title/artist search error: Request failed with status code 403
YouTube title/artist search error: Request failed with status code 403
YouTube title/artist search error: Request failed with status code 403
YouTube title/artist search error: Request failed with status code 403
    ✓ Completed
  2021.03:
YouTube title/artist search error: Request failed with status code 403
YouTube title/artist search error: Request failed with status code 403
YouTube title/artist search error: Request failed with status code 403
YouTube title/artist search error: Request failed with status code 403
YouTube title/artist search error: Request failed with status code 403
YouTube title/artist search error: Request failed with status code 403
YouTube title/artist search error: Request failed with status code 403
YouTube title/artist search error: Request failed with status code 403
YouTube title/artist search error: Request failed with status code 403
YouTube title/artist search error: Request failed with status code 403
YouTube title/artist search error: Request failed with status code 403
YouTube title/artist search error: Request failed with status code 403
YouTube title/artist search error: Request failed with status code 403
YouTube title/artist search error: Request failed with status code 403
YouTube title/artist search error: Request failed with status code 403
YouTube title/artist search error: Request failed with status code 403
YouTube title/artist search error: Request failed with status code 403
YouTube title/artist search error: Request failed with status code 403
YouTube title/artist search error: Request failed with status code 403
YouTube title/artist search error: Request failed with status code 403
YouTube title/artist search error: Request failed with status code 403
YouTube title/artist search error: Request failed with status code 403
YouTube title/artist search error: Request failed with status code 403
YouTube title/artist search error: Request failed with status code 403
YouTube title/artist search error: Request failed with status code 403
YouTube title/artist search error: Request failed with status code 403
YouTube title/artist search error: Request failed with status code 403
YouTube title/artist search error: Request failed with status code 403
YouTube title/artist search error: Request failed with status code 403
YouTube title/artist search error: Request failed with status code 403
YouTube title/artist search error: Request failed with status code 403
YouTube title/artist search error: Request failed with status code 403
YouTube title/artist search error: Request failed with status code 403
YouTube title/artist search error: Request failed with status code 403
YouTube title/artist search error: Request failed with status code 403
YouTube title/artist search error: Request failed with status code 403
YouTube title/artist search error: Request failed with status code 403
YouTube title/artist search error: Request failed with status code 403
YouTube title/artist search error: Request failed with status code 403
YouTube title/artist search error: Request failed with status code 403
YouTube title/artist search error: Request failed with status code 403
YouTube title/artist search error: Request failed with status code 403
YouTube title/artist search error: Request failed with status code 403
YouTube title/artist search error: Request failed with status code 403
YouTube title/artist search error: Request failed with status code 403
YouTube title/artist search error: Request failed with status code 403
YouTube title/artist search error: Request failed with status code 403
YouTube title/artist search error: Request failed with status code 403
YouTube title/artist search error: Request failed with status code 403
YouTube title/artist search error: Request failed with status code 403
YouTube title/artist search error: Request failed with status code 403
YouTube title/artist search error: Request failed with status code 403
YouTube title/artist search error: Request failed with status code 403
YouTube title/artist search error: Request failed with status code 403
YouTube title/artist search error: Request failed with status code 403
YouTube title/artist search error: Request failed with status code 403
YouTube title/artist search error: Request failed with status code 403
YouTube title/artist search error: Request failed with status code 403
YouTube title/artist search error: Request failed with status code 403
YouTube title/artist search error: Request failed with status code 403
YouTube title/artist search error: Request failed with status code 403
YouTube title/artist search error: Request failed with status code 403
YouTube title/artist search error: Request failed with status code 403
YouTube title/artist search error: Request failed with status code 403
YouTube title/artist search error: Request failed with status code 403
YouTube title/artist search error: Request failed with status code 403
YouTube title/artist search error: Request failed with status code 403
YouTube title/artist search error: Request failed with status code 403
YouTube title/artist search error: Request failed with status code 403
YouTube title/artist search error: Request failed with status code 403
YouTube title/artist search error: Request failed with status code 403
YouTube title/artist search error: Request failed with status code 403
YouTube title/artist search error: Request failed with status code 403
YouTube title/artist search error: Request failed with status code 403
YouTube title/artist search error: Request failed with status code 403
YouTube title/artist search error: Request failed with status code 403
YouTube title/artist search error: Request failed with status code 403
YouTube title/artist search error: Request failed with status code 403
YouTube title/artist search error: Request failed with status code 403
YouTube title/artist search error: Request failed with status code 403
YouTube title/artist search error: Request failed with status code 403
YouTube title/artist search error: Request failed with status code 403
YouTube title/artist search error: Request failed with status code 403
YouTube title/artist search error: Request failed with status code 403
YouTube title/artist search error: Request failed with status code 403
YouTube title/artist search error: Request failed with status code 403
YouTube title/artist search error: Request failed with status code 403
YouTube title/artist search error: Request failed with status code 403
YouTube title/artist search error: Request failed with status code 403
YouTube title/artist search error: Request failed with status code 403
YouTube title/artist search error: Request failed with status code 403
YouTube title/artist search error: Request failed with status code 403
YouTube title/artist search error: Request failed with status code 403
YouTube title/artist search error: Request failed with status code 403
YouTube title/artist search error: Request failed with status code 403
YouTube title/artist search error: Request failed with status code 403
YouTube title/artist search error: Request failed with status code 403
YouTube title/artist search error: Request failed with status code 403
YouTube title/artist search error: Request failed with status code 403
YouTube title/artist search error: Request failed with status code 403
    ✓ Completed
  2021.04:
YouTube title/artist search error: Request failed with status code 403
YouTube title/artist search error: Request failed with status code 403
YouTube title/artist search error: Request failed with status code 403
YouTube title/artist search error: Request failed with status code 403
YouTube title/artist search error: Request failed with status code 403
YouTube title/artist search error: Request failed with status code 403
YouTube title/artist search error: Request failed with status code 403
YouTube title/artist search error: Request failed with status code 403
YouTube title/artist search error: Request failed with status code 403
YouTube title/artist search error: Request failed with status code 403
YouTube title/artist search error: Request failed with status code 403
YouTube title/artist search error: Request failed with status code 403
YouTube title/artist search error: Request failed with status code 403
YouTube title/artist search error: Request failed with status code 403
YouTube title/artist search error: Request failed with status code 403
YouTube title/artist search error: Request failed with status code 403
YouTube title/artist search error: Request failed with status code 403
YouTube title/artist search error: Request failed with status code 403
YouTube title/artist search error: Request failed with status code 403
YouTube title/artist search error: Request failed with status code 403
YouTube title/artist search error: Request failed with status code 403
YouTube title/artist search error: Request failed with status code 403
YouTube title/artist search error: Request failed with status code 403
YouTube title/artist search error: Request failed with status code 403
YouTube title/artist search error: Request failed with status code 403
YouTube title/artist search error: Request failed with status code 403
YouTube title/artist search error: Request failed with status code 403
YouTube title/artist search error: Request failed with status code 403
YouTube title/artist search error: Request failed with status code 403
YouTube title/artist search error: Request failed with status code 403
YouTube title/artist search error: Request failed with status code 403
YouTube title/artist search error: Request failed with status code 403
YouTube title/artist search error: Request failed with status code 403
YouTube title/artist search error: Request failed with status code 403
YouTube title/artist search error: Request failed with status code 403
YouTube title/artist search error: Request failed with status code 403
YouTube title/artist search error: Request failed with status code 403
YouTube title/artist search error: Request failed with status code 403
YouTube title/artist search error: Request failed with status code 403
YouTube title/artist search error: Request failed with status code 403
YouTube title/artist search error: Request failed with status code 403
YouTube title/artist search error: Request failed with status code 403
YouTube title/artist search error: Request failed with status code 403
YouTube title/artist search error: Request failed with status code 403
YouTube title/artist search error: Request failed with status code 403
YouTube title/artist search error: Request failed with status code 403
YouTube title/artist search error: Request failed with status code 403
YouTube title/artist search error: Request failed with status code 403
YouTube title/artist search error: Request failed with status code 403
YouTube title/artist search error: Request failed with status code 403
YouTube title/artist search error: Request failed with status code 403
YouTube title/artist search error: Request failed with status code 403
YouTube title/artist search error: Request failed with status code 403
YouTube title/artist search error: Request failed with status code 403
YouTube title/artist search error: Request failed with status code 403
YouTube title/artist search error: Request failed with status code 403
YouTube title/artist search error: Request failed with status code 403
YouTube title/artist search error: Request failed with status code 403
YouTube title/artist search error: Request failed with status code 403
YouTube title/artist search error: Request failed with status code 403
YouTube title/artist search error: Request failed with status code 403
YouTube title/artist search error: Request failed with status code 403
YouTube title/artist search error: Request failed with status code 403
YouTube title/artist search error: Request failed with status code 403
YouTube title/artist search error: Request failed with status code 403
YouTube title/artist search error: Request failed with status code 403
YouTube title/artist search error: Request failed with status code 403
YouTube title/artist search error: Request failed with status code 403
YouTube title/artist search error: Request failed with status code 403
YouTube title/artist search error: Request failed with status code 403
YouTube title/artist search error: Request failed with status code 403
YouTube title/artist search error: Request failed with status code 403
YouTube title/artist search error: Request failed with status code 403
YouTube title/artist search error: Request failed with status code 403
YouTube title/artist search error: Request failed with status code 403
YouTube title/artist search error: Request failed with status code 403
YouTube title/artist search error: Request failed with status code 403
YouTube title/artist search error: Request failed with status code 403
YouTube title/artist search error: Request failed with status code 403
YouTube title/artist search error: Request failed with status code 403
YouTube title/artist search error: Request failed with status code 403
YouTube title/artist search error: Request failed with status code 403
YouTube title/artist search error: Request failed with status code 403
YouTube title/artist search error: Request failed with status code 403
YouTube title/artist search error: Request failed with status code 403
YouTube title/artist search error: Request failed with status code 403
YouTube title/artist search error: Request failed with status code 403
YouTube title/artist search error: Request failed with status code 403
YouTube title/artist search error: Request failed with status code 403
YouTube title/artist search error: Request failed with status code 403
YouTube title/artist search error: Request failed with status code 403
YouTube title/artist search error: Request failed with status code 403
    ✓ Completed
  2021.05:
YouTube title/artist search error: Request failed with status code 403
YouTube title/artist search error: Request failed with status code 403
YouTube title/artist search error: Request failed with status code 403
YouTube title/artist search error: Request failed with status code 403
YouTube title/artist search error: Request failed with status code 403
YouTube title/artist search error: Request failed with status code 403
YouTube title/artist search error: Request failed with status code 403
YouTube title/artist search error: Request failed with status code 403
YouTube title/artist search error: Request failed with status code 403
YouTube title/artist search error: Request failed with status code 403
YouTube title/artist search error: Request failed with status code 403
YouTube title/artist search error: Request failed with status code 403
YouTube title/artist search error: Request failed with status code 403
YouTube title/artist search error: Request failed with status code 403
YouTube title/artist search error: Request failed with status code 403
YouTube title/artist search error: Request failed with status code 403
YouTube title/artist search error: Request failed with status code 403
YouTube title/artist search error: Request failed with status code 403
YouTube title/artist search error: Request failed with status code 403
YouTube title/artist search error: Request failed with status code 403
YouTube title/artist search error: Request failed with status code 403
YouTube title/artist search error: Request failed with status code 403
YouTube title/artist search error: Request failed with status code 403
YouTube title/artist search error: Request failed with status code 403
YouTube title/artist search error: Request failed with status code 403
YouTube title/artist search error: Request failed with status code 403
YouTube title/artist search error: Request failed with status code 403
YouTube title/artist search error: Request failed with status code 403
YouTube title/artist search error: Request failed with status code 403
YouTube title/artist search error: Request failed with status code 403
YouTube title/artist search error: Request failed with status code 403
YouTube title/artist search error: Request failed with status code 403
YouTube title/artist search error: Request failed with status code 403
YouTube title/artist search error: Request failed with status code 403
YouTube title/artist search error: Request failed with status code 403
YouTube title/artist search error: Request failed with status code 403
YouTube title/artist search error: Request failed with status code 403
YouTube title/artist search error: Request failed with status code 403
YouTube title/artist search error: Request failed with status code 403
YouTube title/artist search error: Request failed with status code 403
YouTube title/artist search error: Request failed with status code 403
YouTube title/artist search error: Request failed with status code 403
YouTube title/artist search error: Request failed with status code 403
YouTube title/artist search error: Request failed with status code 403
YouTube title/artist search error: Request failed with status code 403
YouTube title/artist search error: Request failed with status code 403
YouTube title/artist search error: Request failed with status code 403
YouTube title/artist search error: Request failed with status code 403
YouTube title/artist search error: Request failed with status code 403
YouTube title/artist search error: Request failed with status code 403
YouTube title/artist search error: Request failed with status code 403
YouTube title/artist search error: Request failed with status code 403
YouTube title/artist search error: Request failed with status code 403
YouTube title/artist search error: Request failed with status code 403
YouTube title/artist search error: Request failed with status code 403
YouTube title/artist search error: Request failed with status code 403
YouTube title/artist search error: Request failed with status code 403
    ✓ Completed
  2021.06:
YouTube title/artist search error: Request failed with status code 403
YouTube title/artist search error: Request failed with status code 403
YouTube title/artist search error: Request failed with status code 403
YouTube title/artist search error: Request failed with status code 403
YouTube title/artist search error: Request failed with status code 403
YouTube title/artist search error: Request failed with status code 403
YouTube title/artist search error: Request failed with status code 403
YouTube title/artist search error: Request failed with status code 403
YouTube title/artist search error: Request failed with status code 403
YouTube title/artist search error: Request failed with status code 403
YouTube title/artist search error: Request failed with status code 403
YouTube title/artist search error: Request failed with status code 403
    ✓ Completed
  2021.07:
YouTube title/artist search error: Request failed with status code 403
YouTube title/artist search error: Request failed with status code 403
YouTube title/artist search error: Request failed with status code 403
YouTube title/artist search error: Request failed with status code 403
YouTube title/artist search error: Request failed with status code 403
YouTube title/artist search error: Request failed with status code 403
YouTube title/artist search error: Request failed with status code 403
YouTube title/artist search error: Request failed with status code 403
YouTube title/artist search error: Request failed with status code 403
YouTube title/artist search error: Request failed with status code 403
YouTube title/artist search error: Request failed with status code 403
YouTube title/artist search error: Request failed with status code 403
YouTube title/artist search error: Request failed with status code 403
YouTube title/artist search error: Request failed with status code 403
YouTube title/artist search error: Request failed with status code 403
YouTube title/artist search error: Request failed with status code 403
YouTube title/artist search error: Request failed with status code 403
YouTube title/artist search error: Request failed with status code 403
YouTube title/artist search error: Request failed with status code 403
YouTube title/artist search error: Request failed with status code 403
YouTube title/artist search error: Request failed with status code 403
YouTube title/artist search error: Request failed with status code 403
YouTube title/artist search error: Request failed with status code 403
YouTube title/artist search error: Request failed with status code 403
YouTube title/artist search error: Request failed with status code 403
YouTube title/artist search error: Request failed with status code 403
YouTube title/artist search error: Request failed with status code 403
YouTube title/artist search error: Request failed with status code 403
YouTube title/artist search error: Request failed with status code 403
YouTube title/artist search error: Request failed with status code 403
YouTube title/artist search error: Request failed with status code 403
YouTube title/artist search error: Request failed with status code 403
YouTube title/artist search error: Request failed with status code 403
YouTube title/artist search error: Request failed with status code 403
YouTube title/artist search error: Request failed with status code 403
YouTube title/artist search error: Request failed with status code 403
YouTube title/artist search error: Request failed with status code 403
YouTube title/artist search error: Request failed with status code 403
YouTube title/artist search error: Request failed with status code 403
YouTube title/artist search error: Request failed with status code 403
YouTube title/artist search error: Request failed with status code 403
YouTube title/artist search error: Request failed with status code 403
YouTube title/artist search error: Request failed with status code 403
YouTube title/artist search error: Request failed with status code 403
YouTube title/artist search error: Request failed with status code 403
YouTube title/artist search error: Request failed with status code 403
YouTube title/artist search error: Request failed with status code 403
YouTube title/artist search error: Request failed with status code 403
YouTube title/artist search error: Request failed with status code 403
YouTube title/artist search error: Request failed with status code 403
YouTube title/artist search error: Request failed with status code 403
YouTube title/artist search error: Request failed with status code 403
YouTube title/artist search error: Request failed with status code 403
YouTube title/artist search error: Request failed with status code 403
YouTube title/artist search error: Request failed with status code 403
YouTube title/artist search error: Request failed with status code 403
YouTube title/artist search error: Request failed with status code 403
YouTube title/artist search error: Request failed with status code 403
YouTube title/artist search error: Request failed with status code 403
YouTube title/artist search error: Request failed with status code 403
YouTube title/artist search error: Request failed with status code 403
YouTube title/artist search error: Request failed with status code 403
YouTube title/artist search error: Request failed with status code 403
YouTube title/artist search error: Request failed with status code 403
YouTube title/artist search error: Request failed with status code 403
YouTube title/artist search error: Request failed with status code 403
YouTube title/artist search error: Request failed with status code 403
YouTube title/artist search error: Request failed with status code 403
YouTube title/artist search error: Request failed with status code 403
YouTube title/artist search error: Request failed with status code 403
YouTube title/artist search error: Request failed with status code 403
YouTube title/artist search error: Request failed with status code 403
YouTube title/artist search error: Request failed with status code 403
YouTube title/artist search error: Request failed with status code 403
YouTube title/artist search error: Request failed with status code 403
YouTube title/artist search error: Request failed with status code 403
YouTube title/artist search error: Request failed with status code 403
YouTube title/artist search error: Request failed with status code 403
YouTube title/artist search error: Request failed with status code 403
YouTube title/artist search error: Request failed with status code 403
YouTube title/artist search error: Request failed with status code 403
YouTube title/artist search error: Request failed with status code 403
YouTube title/artist search error: Request failed with status code 403
YouTube title/artist search error: Request failed with status code 403
YouTube title/artist search error: Request failed with status code 403
YouTube title/artist search error: Request failed with status code 403
YouTube title/artist search error: Request failed with status code 403
    ✓ Completed
  2021.08:
YouTube title/artist search error: Request failed with status code 403
YouTube title/artist search error: Request failed with status code 403
YouTube title/artist search error: Request failed with status code 403
YouTube title/artist search error: Request failed with status code 403
YouTube title/artist search error: Request failed with status code 403
YouTube title/artist search error: Request failed with status code 403
YouTube title/artist search error: Request failed with status code 403
YouTube title/artist search error: Request failed with status code 403
YouTube title/artist search error: Request failed with status code 403
YouTube title/artist search error: Request failed with status code 403
YouTube title/artist search error: Request failed with status code 403
YouTube title/artist search error: Request failed with status code 403
YouTube title/artist search error: Request failed with status code 403
YouTube title/artist search error: Request failed with status code 403
YouTube title/artist search error: Request failed with status code 403
YouTube title/artist search error: Request failed with status code 403
YouTube title/artist search error: Request failed with status code 403
YouTube title/artist search error: Request failed with status code 403
YouTube title/artist search error: Request failed with status code 403
YouTube title/artist search error: Request failed with status code 403
YouTube title/artist search error: Request failed with status code 403
YouTube title/artist search error: Request failed with status code 403
YouTube title/artist search error: Request failed with status code 403
    ✓ Completed
  2021.09:
YouTube title/artist search error: Request failed with status code 403
YouTube title/artist search error: Request failed with status code 403
YouTube title/artist search error: Request failed with status code 403
YouTube title/artist search error: Request failed with status code 403
YouTube title/artist search error: Request failed with status code 403
YouTube title/artist search error: Request failed with status code 403
YouTube title/artist search error: Request failed with status code 403
YouTube title/artist search error: Request failed with status code 403
YouTube title/artist search error: Request failed with status code 403
YouTube title/artist search error: Request failed with status code 403
YouTube title/artist search error: Request failed with status code 403
YouTube title/artist search error: Request failed with status code 403
YouTube title/artist search error: Request failed with status code 403
YouTube title/artist search error: Request failed with status code 403
YouTube title/artist search error: Request failed with status code 403
YouTube title/artist search error: Request failed with status code 403
YouTube title/artist search error: Request failed with status code 403
YouTube title/artist search error: Request failed with status code 403
YouTube title/artist search error: Request failed with status code 403
YouTube title/artist search error: Request failed with status code 403
YouTube title/artist search error: Request failed with status code 403
    ✓ Completed
  2021.10:
YouTube title/artist search error: Request failed with status code 403
YouTube title/artist search error: Request failed with status code 403
YouTube title/artist search error: Request failed with status code 403
YouTube title/artist search error: Request failed with status code 403
YouTube title/artist search error: Request failed with status code 403
YouTube title/artist search error: Request failed with status code 403
YouTube title/artist search error: Request failed with status code 403
YouTube title/artist search error: Request failed with status code 403
YouTube title/artist search error: Request failed with status code 403
    ✓ Completed
  2021.11:
YouTube title/artist search error: Request failed with status code 403
YouTube title/artist search error: Request failed with status code 403
