{
  "lastRun": "2025-12-11T10:29:05.524Z",
  "changes": [
    {
      "timestamp": "2025-12-11T10:29:05.455Z",
      "type": "playlist_removed",
      "playlistId": "pl.u-xlyNq1vFjVNWJp",
      "playlistName": "2024.11"
    },
    {
      "timestamp": "2025-12-11T10:29:05.468Z",
      "type": "playlist_removed",
      "playlistId": "pl.u-2aoq8XmUMpmvol",
      "playlistName": "2024.10"
    },
    {
      "timestamp": "2025-12-11T10:29:05.482Z",
      "type": "playlist_removed",
      "playlistId": "pl.u-3eqz9NjHzL8Wmd",
      "playlistName": "2024.09"
    },
    {
      "timestamp": "2025-12-11T10:29:05.496Z",
      "type": "playlist_removed",
      "playlistId": "pl.u-4lr3mKVsZJbWke",
      "playlistName": "2023.12"
    },
    {
      "timestamp": "2025-12-11T10:29:05.510Z",
      "type": "playlist_removed",
      "playlistId": "pl.u-5ms4nPZtGKcWjf",
      "playlistName": "2023.06"
    },
    {
      "timestamp": "2025-12-11T10:29:05.524Z",
      "type": "playlist_removed",
      "playlistId": "pl.u-6mo5oPWtRLdWkg",
      "playlistName": "2020.01"
    }
  ]
}